<beans xmlns="http://www.springframework.org/schema/beans" xmlns:xsi="http://www.w3.org/2001/XMLSchema-instance"
  xsi:schemaLocation="http://www.springframework.org/schema/beans http://www.springframework.org/schema/beans/spring-beans-2.5.xsd"
  default-autowire="no">
  
  <bean id="activeInterviewService" class="org.obiba.onyx.core.service.impl.DefaultActiveInterviewServiceImpl">
    <property name="persistenceManager" ref="persistenceManager" />
  </bean>
  
  <bean id="userSessionService" class="org.obiba.onyx.core.service.impl.UserSessionServiceBeanImpl"/>

  <bean id="baseStageState" class="org.obiba.onyx.engine.state.AbstractStageState"
    abstract="true">
    <property name="userSessionService" ref="userSessionService" />
  </bean>
  
  <import resource="classpath:/test-hibernate-config.xml" />
  <import resource="classpath:/test-db-config.xml" />
  <import resource="classpath:META-INF/spring/jade-core/context.xml" />

</beans>
