<beans xmlns="http://www.springframework.org/schema/beans" xmlns:xsi="http://www.w3.org/2001/XMLSchema-instance"
  xmlns:aop="http://www.springframework.org/schema/aop"
  xsi:schemaLocation="http://www.springframework.org/schema/beans http://www.springframework.org/schema/beans/spring-beans-2.5.xsd"
  default-autowire="no">

  <bean id="dataSource" class="org.apache.commons.dbcp.BasicDataSource" destroy-method="close">
    <property name="driverClassName" value="org.hsqldb.jdbcDriver" />
    <property name="url" value="jdbc:hsqldb:mem:quartz-core.db;shutdown=true" />
    <property name="username" value="sa" />
    <property name="password" value="" />
  </bean>

  <bean id="hibernateDbConfig" class="org.springframework.beans.factory.config.PropertiesFactoryBean">
    <property name="properties">
      <value>
        <![CDATA[
          hibernate.hbm2ddl.auto=update
          hibernate.dialect=org.hibernate.dialect.HSQLDialect
          ]]>
      </value>
    </property>
  </bean>

</beans>