<beans xmlns="http://www.springframework.org/schema/beans" xmlns:xsi="http://www.w3.org/2001/XMLSchema-instance"
  xsi:schemaLocation="http://www.springframework.org/schema/beans http://www.springframework.org/schema/beans/spring-beans-4.1.xsd"
  default-autowire="no">

  <bean id="hibernateCacheConfig" class="org.springframework.beans.factory.config.PropertiesFactoryBean">
    <property name="properties">
      <value>
        <![CDATA[
          hibernate.cache.use_query_cache=true
          hibernate.cache.region.factory_class=org.hibernate.cache.ehcache.SingletonEhCacheRegionFactory
        ]]>
      </value>
    </property>
  </bean>

  <bean id="hibernateConfig" class="org.springframework.beans.factory.config.PropertiesFactoryBean">
    <property name="propertiesArray">
      <list>
        <ref bean="hibernateCacheConfig" />
        <ref bean="hibernateDbConfig" />
      </list>
    </property>
  </bean>

  <!-- Use a friendlier NamingStrategy -->
  <bean id="namingStrategy" class="org.hibernate.cfg.ImprovedNamingStrategy" />

  <!-- The Hibernate SessionFactory -->
  <bean id="sessionFactory" class="org.springframework.orm.hibernate4.LocalSessionFactoryBean">
    <property name="dataSource">
      <ref bean="dataSource" />
    </property>
    <property name="namingStrategy">
      <ref bean="namingStrategy" />
    </property>
    <property name="annotatedClasses">
      <bean class="org.obiba.onyx.spring.AnnotatedBeanFinderFactoryBean">

        <!-- Use Apache Ant Pattern -->
        <property name="searchPatterns">
          <set>
            <value>classpath*:org/obiba/**/domain/**/*.class</value>
            <value>classpath*:org/obiba/**/engine/**/*.class</value>
          </set>
        </property>

        <!-- Specify annotations to look for in classes -->
        <property name="annotationClasses">
          <set>
            <value>javax.persistence.Entity</value>
            <value>javax.persistence.Embeddable</value>
            <value>javax.persistence.MappedSuperclass</value>
          </set>
        </property>
      </bean>
    </property>
    <property name="hibernateProperties" ref="hibernateConfig" />
  </bean>

  <!-- Hook the SessionFactory to a platform TransactionManager -->
  <bean id="transactionManager" class="org.springframework.orm.hibernate4.HibernateTransactionManager">
    <property name="sessionFactory" ref="sessionFactory" />
  </bean>

  <bean id="persistenceManager" class="org.obiba.core.service.impl.hibernate.PersistenceManagerHibernateImpl">
    <property name="sessionFactory" ref="sessionFactory" />
  </bean>

  <bean id="instrumentRunService" class="org.obiba.onyx.jade.core.service.impl.hibernate.InstrumentRunServiceHibernateImpl"
    scope="singleton">
    <property name="sessionFactory" ref="sessionFactory" />
    <property name="persistenceManager" ref="persistenceManager" />
  </bean>


  <bean id="instrumentService" class="org.obiba.onyx.jade.core.service.impl.hibernate.InstrumentServiceHibernateImpl">
    <property name="sessionFactory" ref="sessionFactory" />
    <property name="persistenceManager" ref="persistenceManager" />
    <property name="instrumentsPath" value="${org.obiba.onyx.jade.instruments.codebase.path}" />
    <property name="baseUrl" value="${org.obiba.onyx.baseUrl}" />
    <property name="instrumentTypes" ref="instrumentTypeFactory" />
  </bean>

</beans>
