<beans xmlns="http://www.springframework.org/schema/beans" xmlns:xsi="http://www.w3.org/2001/XMLSchema-instance"
  xmlns:tx="http://www.springframework.org/schema/tx"
  xsi:schemaLocation="
http://www.springframework.org/schema/beans http://www.springframework.org/schema/beans/spring-beans-4.1.xsd
http://www.springframework.org/schema/tx http://www.springframework.org/schema/tx/spring-tx-4.1.xsd">

  <tx:annotation-driven transaction-manager="transactionManager" />

  <import resource="test-hibernate-config.xml" />
  <import resource="test-db-config.xml" />  

  <bean id="consentService" class="org.obiba.onyx.marble.core.service.impl.ConsentServiceImpl">
    <property name="persistenceManager" ref="persistenceManager" />
    <property name="allowElectronicMode" value="true" />
  </bean>

</beans>