<beans xmlns="http://www.springframework.org/schema/beans" xmlns:xsi="http://www.w3.org/2001/XMLSchema-instance"
  xsi:schemaLocation="http://www.springframework.org/schema/beans http://www.springframework.org/schema/beans/spring-beans-2.5.xsd"
  default-autowire="no">

  <bean id="participantMetadata" class="org.obiba.onyx.core.domain.participant.ParticipantMetadata">
    <property name="onyxConfigPath" value="classpath:" />
  </bean>

</beans>
